Performing C SOURCE FILE Test CMAKE_HAVE_LIBC_PTHREAD failed with the following output:
Change Dir: /root/.hermes/projects/moreader-android/app/.cxx/Debug/1u6o17d6/arm64-v8a/CMakeFiles/CMakeTmp

Run Build Command(s):/opt/android-sdk/cmake/3.22.1/bin/ninja cmTC_27c50 && [1/2] Building C object CMakeFiles/cmTC_27c50.dir/src.c.o
FAILED: CMakeFiles/cmTC_27c50.dir/src.c.o 
/opt/android-sdk/ndk/27.0.12077973/toolchains/llvm/prebuilt/linux-x86_64/bin/clang --target=aarch64-none-linux-android26 --sysroot=/opt/android-sdk/ndk/27.0.12077973/toolchains/llvm/prebuilt/linux-x86_64/sysroot -DCMAKE_HAVE_LIBC_PTHREAD  -g -DANDROID -fdata-sections -ffunction-sections -funwind-tables -fstack-protector-strong -no-canonical-prefixes -D_FORTIFY_SOURCE=2 -Wformat -Werror=format-security -O2  -fPIE -std=gnu11 -MD -MT CMakeFiles/cmTC_27c50.dir/src.c.o -MF CMakeFiles/cmTC_27c50.dir/src.c.o.d -o CMakeFiles/cmTC_27c50.dir/src.c.o -c /root/.hermes/projects/moreader-android/app/.cxx/Debug/1u6o17d6/arm64-v8a/CMakeFiles/CMakeTmp/src.c
/root/.hermes/projects/moreader-android/app/.cxx/Debug/1u6o17d6/arm64-v8a/CMakeFiles/CMakeTmp/src.c:13:3: error: call to undeclared function 'pthread_cancel'; ISO C99 and later do not support implicit function declarations [-Wimplicit-function-declaration]
   13 |   pthread_cancel(thread);
      |   ^
/root/.hermes/projects/moreader-android/app/.cxx/Debug/1u6o17d6/arm64-v8a/CMakeFiles/CMakeTmp/src.c:13:3: note: did you mean 'pthread_once'?
/opt/android-sdk/ndk/27.0.12077973/toolchains/llvm/prebuilt/linux-x86_64/sysroot/usr/include/pthread.h:264:5: note: 'pthread_once' declared here
  264 | int pthread_once(pthread_once_t* _Nonnull __once, void (* _Nonnull __init_routine)(void));
      |     ^
1 error generated.
ninja: build stopped: subcommand failed.


Source file was:
#include <pthread.h>

static void* test_func(void* data)
{
  return data;
}

int main(void)
{
  pthread_t thread;
  pthread_create(&thread, NULL, test_func, NULL);
  pthread_detach(thread);
  pthread_cancel(thread);
  pthread_join(thread, NULL);
  pthread_atfork(NULL, NULL, NULL);
  pthread_exit(NULL);

  return 0;
}

Performing C++ SOURCE FILE Test GGML_COMPILER_SUPPORTS_FP16_FORMAT_I3E failed with the following output:
Change Dir: /root/.hermes/projects/moreader-android/app/.cxx/Debug/1u6o17d6/arm64-v8a/CMakeFiles/CMakeTmp

Run Build Command(s):/opt/android-sdk/cmake/3.22.1/bin/ninja cmTC_90d50 && [1/2] Building CXX object CMakeFiles/cmTC_90d50.dir/src.cxx.o
FAILED: CMakeFiles/cmTC_90d50.dir/src.cxx.o 
/opt/android-sdk/ndk/27.0.12077973/toolchains/llvm/prebuilt/linux-x86_64/bin/clang++ --target=aarch64-none-linux-android26 --sysroot=/opt/android-sdk/ndk/27.0.12077973/toolchains/llvm/prebuilt/linux-x86_64/sysroot -DGGML_COMPILER_SUPPORTS_FP16_FORMAT_I3E  -g -DANDROID -fdata-sections -ffunction-sections -funwind-tables -fstack-protector-strong -no-canonical-prefixes -D_FORTIFY_SOURCE=2 -Wformat -Werror=format-security    -fPIE   -mfp16-format=ieee -std=gnu++17 -MD -MT CMakeFiles/cmTC_90d50.dir/src.cxx.o -MF CMakeFiles/cmTC_90d50.dir/src.cxx.o.d -o CMakeFiles/cmTC_90d50.dir/src.cxx.o -c /root/.hermes/projects/moreader-android/app/.cxx/Debug/1u6o17d6/arm64-v8a/CMakeFiles/CMakeTmp/src.cxx
clang++: error: unknown argument: '-mfp16-format=ieee'
ninja: build stopped: subcommand failed.


Source file was:
int main() { return 0; }
